<?xml version="1.0" encoding="UTF-8"?>
<robot generator="Robot 7.1 (Python 3.13.0 on win32)" generated="2024-10-20T03:23:13.821445" rpa="false" schemaversion="5">
<suite id="s1" name="Amazon Testes" source="C:\Users\andrey.sousa\Documents\Projetos Automação\RobotFramework\WebTesting\amazon_testes.robot">
<test id="s1-t1" name="Caso de Teste 01 - Acesso ao menu &quot;Eletronico&quot;" line="8">
<kw name="Abrir o navegador" owner="amazon_resources" type="SETUP">
<kw name="Open Browser" owner="SeleniumLibrary">
<msg time="2024-10-20T03:23:14.244734" level="INFO">Opening browser 'chrome' to base url 'None'.</msg>
<arg>browser=chrome</arg>
<doc>Opens a new browser instance to the optional ``url``.</doc>
<status status="PASS" start="2024-10-20T03:23:14.244577" elapsed="2.437741"/>
</kw>
<kw name="Maximize Browser Window" owner="SeleniumLibrary">
<doc>Maximizes current browser window.</doc>
<status status="PASS" start="2024-10-20T03:23:16.682558" elapsed="0.038340"/>
</kw>
<status status="PASS" start="2024-10-20T03:23:14.244139" elapsed="2.476907"/>
</kw>
<kw name="Acessar a home page do site Amazon.com.br" owner="amazon_resources">
<kw name="Go To" owner="SeleniumLibrary">
<msg time="2024-10-20T03:23:16.722155" level="INFO">Opening url 'http://www.amazon.com.br'</msg>
<arg>url=${URL}</arg>
<doc>Navigates the current browser window to the provided ``url``.</doc>
<status status="PASS" start="2024-10-20T03:23:16.721919" elapsed="2.994363"/>
</kw>
<kw name="Wait Until Element Is Visible" owner="SeleniumLibrary">
<arg>locator=${MENU_ELETRONICOS}</arg>
<doc>Waits until the element ``locator`` is visible.</doc>
<status status="PASS" start="2024-10-20T03:23:19.716551" elapsed="0.047107"/>
</kw>
<status status="PASS" start="2024-10-20T03:23:16.721556" elapsed="3.042354"/>
</kw>
<kw name="Verificar se o título da página fica &quot;Amazon.com.br | Tudo pra você, de A a Z.&quot;" owner="amazon_resources" source_name="Verificar se o título da página fica &quot;${TITULO}&quot;">
<kw name="Title Should Be" owner="SeleniumLibrary">
<msg time="2024-10-20T03:23:19.777628" level="INFO">Page title is 'Amazon.com.br | Tudo pra você, de A a Z.'.</msg>
<arg>title=${TITULO}</arg>
<doc>Verifies that the current page title equals ``title``.</doc>
<status status="PASS" start="2024-10-20T03:23:19.765149" elapsed="0.012612"/>
</kw>
<status status="PASS" start="2024-10-20T03:23:19.764574" elapsed="0.013321"/>
</kw>
<kw name="Entrar no menu &quot;Eletrônicos&quot;" owner="amazon_resources">
<kw name="Click Element" owner="SeleniumLibrary">
<msg time="2024-10-20T03:23:19.778823" level="INFO">Clicking element '//a[contains(.,'Eletrônicos')]'.</msg>
<arg>locator=${MENU_ELETRONICOS}</arg>
<doc>Click the element identified by ``locator``.</doc>
<status status="PASS" start="2024-10-20T03:23:19.778641" elapsed="3.554422"/>
</kw>
<status status="PASS" start="2024-10-20T03:23:19.778399" elapsed="3.554880"/>
</kw>
<kw name="Verificar se aparece a frase &quot;Eletrônicos e Tecnologia&quot;" owner="amazon_resources" source_name="Verificar se aparece a frase &quot;${FRASE}&quot;">
<kw name="Wait Until Page Contains" owner="SeleniumLibrary">
<arg>text=${FRASE}</arg>
<doc>Waits until ``text`` appears on the current page.</doc>
<status status="PASS" start="2024-10-20T03:23:23.334629" elapsed="0.053240"/>
</kw>
<kw name="Wait Until Element Is Visible" owner="SeleniumLibrary">
<arg>locator=${HEADER_ELETRONICOS}</arg>
<doc>Waits until the element ``locator`` is visible.</doc>
<status status="PASS" start="2024-10-20T03:23:23.388384" elapsed="0.082235"/>
</kw>
<status status="PASS" start="2024-10-20T03:23:23.334019" elapsed="0.136752"/>
</kw>
<kw name="Verificar se o título da página fica &quot;Eletrônicos e Tecnologia | Amazon.com.br&quot;" owner="amazon_resources" source_name="Verificar se o título da página fica &quot;${TITULO}&quot;">
<kw name="Title Should Be" owner="SeleniumLibrary">
<msg time="2024-10-20T03:23:23.492359" level="INFO">Page title is 'Eletrônicos e Tecnologia | Amazon.com.br'.</msg>
<arg>title=${TITULO}</arg>
<doc>Verifies that the current page title equals ``title``.</doc>
<status status="PASS" start="2024-10-20T03:23:23.471857" elapsed="0.020630"/>
</kw>
<status status="PASS" start="2024-10-20T03:23:23.471347" elapsed="0.021308"/>
</kw>
<kw name="Verificar se aparece a categoria &quot;Computadores e Informática&quot;" owner="amazon_resources" source_name="Verificar se aparece a categoria &quot;${NOME_CATEGORIA}&quot;">
<kw name="Element Should Be Visible" owner="SeleniumLibrary">
<msg time="2024-10-20T03:23:23.539829" level="INFO">Element '//img[contains(@alt,'Computadores e Informática')]' is displayed.</msg>
<arg>locator=//img[contains(@alt,'${NOME_CATEGORIA}')]</arg>
<doc>Verifies that the element identified by ``locator`` is visible.</doc>
<status status="PASS" start="2024-10-20T03:23:23.494191" elapsed="0.045924"/>
</kw>
<status status="PASS" start="2024-10-20T03:23:23.493423" elapsed="0.046862"/>
</kw>
<kw name="Verificar se aparece a categoria &quot;Áudio e Som&quot;" owner="amazon_resources" source_name="Verificar se aparece a categoria &quot;${NOME_CATEGORIA}&quot;">
<kw name="Element Should Be Visible" owner="SeleniumLibrary">
<msg time="2024-10-20T03:23:23.585998" level="INFO">Element '//img[contains(@alt,'Áudio e Som')]' is displayed.</msg>
<arg>locator=//img[contains(@alt,'${NOME_CATEGORIA}')]</arg>
<doc>Verifies that the element identified by ``locator`` is visible.</doc>
<status status="PASS" start="2024-10-20T03:23:23.541169" elapsed="0.045029"/>
</kw>
<status status="PASS" start="2024-10-20T03:23:23.540674" elapsed="0.045723"/>
</kw>
<kw name="Fechar o navegador" owner="amazon_resources" type="TEARDOWN">
<kw name="Close Browser" owner="SeleniumLibrary">
<doc>Closes the current browser.</doc>
<status status="PASS" start="2024-10-20T03:23:23.588542" elapsed="2.636455"/>
</kw>
<status status="PASS" start="2024-10-20T03:23:23.587741" elapsed="2.637528"/>
</kw>
<doc>Esse teste verifica o menu eletrônicos do site da Amazon.com.br
e verifica a categoria Computadores e Informática</doc>
<tag>categorias</tag>
<tag>menus</tag>
<status status="PASS" start="2024-10-20T03:23:14.243412" elapsed="11.982585"/>
</test>
<doc>Essa suite testa o site da amazon.com.br</doc>
<status status="PASS" start="2024-10-20T03:23:13.824580" elapsed="12.403778"/>
</suite>
<statistics>
<total>
<stat pass="1" fail="0" skip="0">All Tests</stat>
</total>
<tag>
<stat pass="1" fail="0" skip="0">categorias</stat>
<stat pass="1" fail="0" skip="0">menus</stat>
</tag>
<suite>
<stat pass="1" fail="0" skip="0" id="s1" name="Amazon Testes">Amazon Testes</stat>
</suite>
</statistics>
<errors>
</errors>
</robot>
